<?xml version="1.0" encoding="UTF-8"?>
<testsuite name="jqa.maxim.starikov.addressbook.tests.CreateGroupTest" tests="3" skipped="0" failures="0" errors="0" timestamp="2019-04-08T11:38:24" hostname="max-desktop" time="6.475">
  <properties/>
  <testcase name="testCreateGroup[0](GroupData{id='2147483647', name='test 0'})" classname="jqa.maxim.starikov.addressbook.tests.CreateGroupTest" time="3.17"/>
  <testcase name="testCreateGroup[1](GroupData{id='2147483647', name='test 1'})" classname="jqa.maxim.starikov.addressbook.tests.CreateGroupTest" time="1.691"/>
  <testcase name="testCreateGroup[2](GroupData{id='2147483647', name='test 2'})" classname="jqa.maxim.starikov.addressbook.tests.CreateGroupTest" time="1.612"/>
  <system-out><![CDATA[Hibernate: select groupdata0_.group_id as group_id1_2_, groupdata0_.group_footer as group_fo2_2_, groupdata0_.group_header as group_he3_2_, groupdata0_.group_name as group_na4_2_ from group_list groupdata0_
Hibernate: select groupdata0_.group_id as group_id1_2_, groupdata0_.group_footer as group_fo2_2_, groupdata0_.group_header as group_he3_2_, groupdata0_.group_name as group_na4_2_ from group_list groupdata0_
Hibernate: select groupdata0_.group_id as group_id1_2_, groupdata0_.group_footer as group_fo2_2_, groupdata0_.group_header as group_he3_2_, groupdata0_.group_name as group_na4_2_ from group_list groupdata0_
Hibernate: select groupdata0_.group_id as group_id1_2_, groupdata0_.group_footer as group_fo2_2_, groupdata0_.group_header as group_he3_2_, groupdata0_.group_name as group_na4_2_ from group_list groupdata0_
Hibernate: select groupdata0_.group_id as group_id1_2_, groupdata0_.group_footer as group_fo2_2_, groupdata0_.group_header as group_he3_2_, groupdata0_.group_name as group_na4_2_ from group_list groupdata0_
Hibernate: select groupdata0_.group_id as group_id1_2_, groupdata0_.group_footer as group_fo2_2_, groupdata0_.group_header as group_he3_2_, groupdata0_.group_name as group_na4_2_ from group_list groupdata0_
]]></system-out>
  <system-err><![CDATA[]]></system-err>
</testsuite>
